<?xml version="1.0" encoding="UTF-8"?>
<!-- Generated by org.testng.reporters.JUnitReportReporter -->
<testsuite hostname="LIN-CF553F3" failures="0" tests="1" name="RunnerFile.Runner" time="0.009" errors="0" timestamp="2024-03-26T15:37:06 IST" skipped="0">
  <testcase classname="RunnerFile.Runner" name="f" time="0.009"/>
</testsuite> <!-- RunnerFile.Runner -->
