<?xml version="1.0" encoding="UTF-8"?>
<!-- Generated by org.testng.reporters.JUnitReportReporter -->
<testsuite hostname="LIN-CF553F3" failures="0" tests="5" name="Excel.ExcelDataExceuter" time="56.211" errors="0" timestamp="2024-04-04T09:27:51 IST" skipped="0">
  <testcase classname="Excel.ExcelDataExceuter" name="TestExcel" time="10.933"/>
  <testcase classname="Excel.ExcelDataExceuter" name="TestExcel" time="13.033"/>
  <testcase classname="Excel.ExcelDataExceuter" name="TestExcel" time="10.973"/>
  <testcase classname="Excel.ExcelDataExceuter" name="TestExcel" time="10.760"/>
  <testcase classname="Excel.ExcelDataExceuter" name="TestExcel" time="10.512"/>
</testsuite> <!-- Excel.ExcelDataExceuter -->
