<?xml version="1.0" encoding="UTF-8"?>
<!-- Generated by org.testng.reporters.JUnitReportReporter -->
<testsuite hostname="LIN-CF553F3" failures="0" tests="7" name="runner.LoginPageRunner" time="0.228" errors="0" timestamp="2024-04-02T16:30:32 IST" skipped="0">
  <testcase classname="runner.LoginPageRunner" name="runScenario" time="0.172"/>
  <testcase classname="runner.LoginPageRunner" name="runScenario" time="0.008"/>
  <testcase classname="runner.LoginPageRunner" name="runScenario" time="0.007"/>
  <testcase classname="runner.LoginPageRunner" name="runScenario" time="0.010"/>
  <testcase classname="runner.LoginPageRunner" name="runScenario" time="0.007"/>
  <testcase classname="runner.LoginPageRunner" name="runScenario" time="0.017"/>
  <testcase classname="runner.LoginPageRunner" name="runScenario" time="0.007"/>
</testsuite> <!-- runner.LoginPageRunner -->
